<?xml version="1.0" encoding="utf-8"?><testsuites name="pytest tests"><testsuite name="pytest" errors="0" failures="0" skipped="0" tests="14" time="2.325" timestamp="2026-05-07T04:11:26.365191+00:00" hostname="agent-env-a74d01e2-8b10-448d-bfa8-ad694f46afd3"><testcase classname="backend.tests.test_hs_fitness.TestPublic" name="test_root" time="0.315" /><testcase classname="backend.tests.test_hs_fitness.TestPublic" name="test_products_list" time="0.053" /><testcase classname="backend.tests.test_hs_fitness.TestPublic" name="test_gallery_list" time="0.054" /><testcase classname="backend.tests.test_hs_fitness.TestPublic" name="test_contact_create_persists" time="0.222" /><testcase classname="backend.tests.test_hs_fitness.TestPublic" name="test_contact_email_optional" time="0.051" /><testcase classname="backend.tests.test_hs_fitness.TestAdminAuth" name="test_login_wrong_password" time="0.052" /><testcase classname="backend.tests.test_hs_fitness.TestAdminAuth" name="test_login_wrong_email" time="0.051" /><testcase classname="backend.tests.test_hs_fitness.TestAdminAuth" name="test_me_no_token" time="0.134" /><testcase classname="backend.tests.test_hs_fitness.TestAdminAuth" name="test_me_with_token" time="0.123" /><testcase classname="backend.tests.test_hs_fitness.TestAdminAuth" name="test_me_with_bad_token" time="0.119" /><testcase classname="backend.tests.test_hs_fitness.TestAdminAuth" name="test_admin_endpoints_require_auth" time="0.102" /><testcase classname="backend.tests.test_hs_fitness.TestProductsCRUD" name="test_full_crud_flow" time="0.358" /><testcase classname="backend.tests.test_hs_fitness.TestProductsCRUD" name="test_create_without_auth" time="0.149" /><testcase classname="backend.tests.test_hs_fitness.TestGalleryCRUD" name="test_full_flow" time="0.392" /></testsuite></testsuites>